<?xml version="1.0" encoding="UTF-8"?>
<coverage generated="1656898104696" clover="3.2.0">
  <project timestamp="1656898104696" name="All files">
    <metrics statements="16" coveredstatements="15" conditionals="2" coveredconditionals="1" methods="7" coveredmethods="4" elements="25" coveredelements="20" complexity="0" loc="16" ncloc="16" packages="1" files="2" classes="2"/>
    <file name="Player.js" path="/Users/aqasim/Desktop/workspace/Learn/Teaching/OOP/lib/Player.js">
      <metrics statements="11" coveredstatements="10" conditionals="0" coveredconditionals="0" methods="4" coveredmethods="3"/>
      <line num="2" count="1" type="stmt"/>
      <line num="3" count="1" type="stmt"/>
      <line num="4" count="1" type="stmt"/>
      <line num="5" count="1" type="stmt"/>
      <line num="6" count="1" type="stmt"/>
      <line num="7" count="1" type="stmt"/>
      <line num="9" count="1" type="stmt"/>
      <line num="10" count="1" type="stmt"/>
      <line num="12" count="1" type="stmt"/>
      <line num="13" count="0" type="stmt"/>
      <line num="18" count="1" type="stmt"/>
    </file>
    <file name="helpers.js" path="/Users/aqasim/Desktop/workspace/Learn/Teaching/OOP/lib/helpers.js">
      <metrics statements="5" coveredstatements="5" conditionals="2" coveredconditionals="1" methods="3" coveredmethods="1"/>
      <line num="2" count="1" type="stmt"/>
      <line num="3" count="1" type="stmt"/>
      <line num="6" count="2" type="stmt"/>
      <line num="10" count="1" type="stmt"/>
      <line num="11" count="1" type="stmt"/>
    </file>
  </project>
</coverage>
