TN:
SF:lib/Player.js
FN:1,Player
FN:6,(anonymous_1)
FN:9,(anonymous_2)
FN:12,(anonymous_3)
FNF:4
FNH:3
FNDA:1,Player
FNDA:1,(anonymous_1)
FNDA:1,(anonymous_2)
FNDA:0,(anonymous_3)
DA:2,1
DA:3,1
DA:4,1
DA:5,1
DA:6,1
DA:7,1
DA:9,1
DA:10,1
DA:12,1
DA:13,0
DA:18,1
LF:11
LH:10
BRF:0
BRH:0
end_of_record
TN:
SF:lib/helpers.js
FN:2,(anonymous_0)
FN:3,(anonymous_1)
FN:5,Potion
FNF:3
FNH:1
FNDA:0,(anonymous_0)
FNDA:0,(anonymous_1)
FNDA:2,Potion
DA:2,1
DA:3,1
DA:6,2
DA:10,1
DA:11,1
LF:5
LH:5
BRDA:7,0,0,2
BRDA:7,0,1,0
BRF:2
BRH:1
end_of_record
